C:\Program Files\Microsoft Visual Studio\2022\Enterprise\MSBuild\Microsoft\VC\v170\Microsoft.CppBuild.targets(531,5): warning MSB8028: The intermediate directory (Debug\) contains files shared from another project (Win32SimpleSample.vcxproj).  This can lead to incorrect clean and rebuild behavior.
  ToolMain.cpp
  _WIN32_WINNT not defined. Defaulting to _WIN32_WINNT_MAXVER (see WinSDKVer.h)
C:\Users\admin\Documents\WFFC-Edit\WOFFCEdit\ToolMain.cpp(86,46): warning C4244: '=': conversion from 'double' to 'float', possible loss of data
C:\Users\admin\Documents\WFFC-Edit\WOFFCEdit\ToolMain.cpp(87,46): warning C4244: '=': conversion from 'double' to 'float', possible loss of data
C:\Users\admin\Documents\WFFC-Edit\WOFFCEdit\ToolMain.cpp(88,46): warning C4244: '=': conversion from 'double' to 'float', possible loss of data
C:\Users\admin\Documents\WFFC-Edit\WOFFCEdit\ToolMain.cpp(89,46): warning C4244: '=': conversion from 'double' to 'float', possible loss of data
C:\Users\admin\Documents\WFFC-Edit\WOFFCEdit\ToolMain.cpp(90,46): warning C4244: '=': conversion from 'double' to 'float', possible loss of data
C:\Users\admin\Documents\WFFC-Edit\WOFFCEdit\ToolMain.cpp(91,46): warning C4244: '=': conversion from 'double' to 'float', possible loss of data
C:\Users\admin\Documents\WFFC-Edit\WOFFCEdit\ToolMain.cpp(92,46): warning C4244: '=': conversion from 'double' to 'float', possible loss of data
C:\Users\admin\Documents\WFFC-Edit\WOFFCEdit\ToolMain.cpp(93,46): warning C4244: '=': conversion from 'double' to 'float', possible loss of data
C:\Users\admin\Documents\WFFC-Edit\WOFFCEdit\ToolMain.cpp(94,46): warning C4244: '=': conversion from 'double' to 'float', possible loss of data
C:\Users\admin\Documents\WFFC-Edit\WOFFCEdit\ToolMain.cpp(106,48): warning C4244: '=': conversion from 'double' to 'float', possible loss of data
C:\Users\admin\Documents\WFFC-Edit\WOFFCEdit\ToolMain.cpp(107,48): warning C4244: '=': conversion from 'double' to 'float', possible loss of data
C:\Users\admin\Documents\WFFC-Edit\WOFFCEdit\ToolMain.cpp(108,48): warning C4244: '=': conversion from 'double' to 'float', possible loss of data
C:\Users\admin\Documents\WFFC-Edit\WOFFCEdit\ToolMain.cpp(112,48): warning C4244: '=': conversion from 'double' to 'float', possible loss of data
C:\Users\admin\Documents\WFFC-Edit\WOFFCEdit\ToolMain.cpp(113,47): warning C4244: '=': conversion from 'double' to 'float', possible loss of data
C:\Users\admin\Documents\WFFC-Edit\WOFFCEdit\ToolMain.cpp(114,42): warning C4244: '=': conversion from 'int' to 'float', possible loss of data
C:\Users\admin\Documents\WFFC-Edit\WOFFCEdit\ToolMain.cpp(118,50): warning C4244: '=': conversion from 'double' to 'int', possible loss of data
C:\Users\admin\Documents\WFFC-Edit\WOFFCEdit\ToolMain.cpp(119,50): warning C4244: '=': conversion from 'double' to 'int', possible loss of data
C:\Users\admin\Documents\WFFC-Edit\WOFFCEdit\ToolMain.cpp(129,57): warning C4244: '=': conversion from 'double' to 'float', possible loss of data
C:\Users\admin\Documents\WFFC-Edit\WOFFCEdit\ToolMain.cpp(130,57): warning C4244: '=': conversion from 'double' to 'float', possible loss of data
C:\Users\admin\Documents\WFFC-Edit\WOFFCEdit\ToolMain.cpp(131,57): warning C4244: '=': conversion from 'double' to 'float', possible loss of data
C:\Users\admin\Documents\WFFC-Edit\WOFFCEdit\ToolMain.cpp(132,58): warning C4244: '=': conversion from 'double' to 'float', possible loss of data
C:\Users\admin\Documents\WFFC-Edit\WOFFCEdit\ToolMain.cpp(133,58): warning C4244: '=': conversion from 'double' to 'float', possible loss of data
C:\Users\admin\Documents\WFFC-Edit\WOFFCEdit\ToolMain.cpp(134,58): warning C4244: '=': conversion from 'double' to 'float', possible loss of data
C:\Users\admin\Documents\WFFC-Edit\WOFFCEdit\ToolMain.cpp(135,59): warning C4244: '=': conversion from 'double' to 'float', possible loss of data
C:\Users\admin\Documents\WFFC-Edit\WOFFCEdit\ToolMain.cpp(136,56): warning C4244: '=': conversion from 'double' to 'float', possible loss of data
C:\Users\admin\Documents\WFFC-Edit\WOFFCEdit\ToolMain.cpp(137,54): warning C4244: '=': conversion from 'double' to 'float', possible loss of data
C:\Users\admin\Documents\WFFC-Edit\WOFFCEdit\ToolMain.cpp(138,57): warning C4244: '=': conversion from 'double' to 'float', possible loss of data
  Win32SimpleSample.vcxproj -> C:\Users\admin\Documents\WFFC-Edit\WOFFCEdit\Debug\WoFEdit.exe
